<?xml version="1.0" encoding="UTF-8"?>
<testng-results ignored="0" total="2" passed="2" failed="0" skipped="0">
  <reporter-output>
  </reporter-output>
  <suite started-at="2025-04-25T12:09:44 IST" name="Default suite" finished-at="2025-04-25T12:10:06 IST" duration-ms="22070">
    <groups>
    </groups>
    <test started-at="2025-04-25T12:09:44 IST" name="Default test" finished-at="2025-04-25T12:10:06 IST" duration-ms="22070">
      <class name="tests.StandAloneTest">
        <test-method is-config="true" signature="launchApplication()[pri:0, instance:tests.StandAloneTest@10e41621]" started-at="2025-04-25T12:09:44 IST" name="launchApplication" finished-at="2025-04-25T12:09:50 IST" duration-ms="6316" status="PASS">
          <reporter-output>
          </reporter-output>
        </test-method> <!-- launchApplication -->
        <test-method signature="registerUser(java.util.HashMap)[pri:0, instance:tests.StandAloneTest@10e41621]" started-at="2025-04-25T12:09:50 IST" name="registerUser" data-provider="signUpDataProvider" finished-at="2025-04-25T12:09:59 IST" duration-ms="8754" status="PASS">
          <params>
            <param index="0">
              <value>
                <![CDATA[{date=28, fname=praveen, country=India, pincode=500028, year=2000, city=Hyderabad, password=modalipraveen, lname=kumar, mNumber=12345677889, month=11, name=praveen, company=mecitlabs, state=Telangana, add2=Gudimalkapur, add1=hyd, email=modalikumar1745563184494@gmail.com}]]>
              </value>
            </param>
          </params>
          <reporter-output>
          </reporter-output>
        </test-method> <!-- registerUser -->
        <test-method is-config="true" signature="tearDown()[pri:0, instance:tests.StandAloneTest@10e41621]" started-at="2025-04-25T12:09:59 IST" name="tearDown" finished-at="2025-04-25T12:09:59 IST" duration-ms="166" status="PASS">
          <reporter-output>
          </reporter-output>
        </test-method> <!-- tearDown -->
        <test-method is-config="true" signature="launchApplication()[pri:0, instance:tests.StandAloneTest@10e41621]" started-at="2025-04-25T12:09:59 IST" name="launchApplication" finished-at="2025-04-25T12:10:05 IST" duration-ms="5864" status="PASS">
          <reporter-output>
          </reporter-output>
        </test-method> <!-- launchApplication -->
        <test-method signature="successfulLoginUser()[pri:0, instance:tests.StandAloneTest@10e41621]" started-at="2025-04-25T12:10:05 IST" name="successfulLoginUser" finished-at="2025-04-25T12:10:06 IST" duration-ms="819" status="PASS">
          <reporter-output>
          </reporter-output>
        </test-method> <!-- successfulLoginUser -->
        <test-method is-config="true" signature="tearDown()[pri:0, instance:tests.StandAloneTest@10e41621]" started-at="2025-04-25T12:10:06 IST" name="tearDown" finished-at="2025-04-25T12:10:06 IST" duration-ms="112" status="PASS">
          <reporter-output>
          </reporter-output>
        </test-method> <!-- tearDown -->
      </class> <!-- tests.StandAloneTest -->
    </test> <!-- Default test -->
  </suite> <!-- Default suite -->
</testng-results>
