<?xml version="1.0" encoding="UTF-8"?>
<testng-results ignored="0" total="1" passed="1" failed="0" skipped="0">
  <reporter-output>
  </reporter-output>
  <suite started-at="2025-04-24T19:41:58 IST" name="Default suite" finished-at="2025-04-24T19:42:15 IST" duration-ms="16257">
    <groups>
    </groups>
    <test started-at="2025-04-24T19:41:58 IST" name="Default test" finished-at="2025-04-24T19:42:15 IST" duration-ms="16257">
      <class name="tests.StandAloneTest">
        <test-method is-config="true" signature="launchApplication()[pri:0, instance:tests.StandAloneTest@4b0b0854]" started-at="2025-04-24T19:41:58 IST" name="launchApplication" finished-at="2025-04-24T19:42:01 IST" duration-ms="2626" status="PASS">
          <reporter-output>
          </reporter-output>
        </test-method> <!-- launchApplication -->
        <test-method signature="registerUser()[pri:0, instance:tests.StandAloneTest@4b0b0854]" started-at="2025-04-24T19:42:01 IST" name="registerUser" finished-at="2025-04-24T19:42:15 IST" duration-ms="13494" status="PASS">
          <reporter-output>
          </reporter-output>
        </test-method> <!-- registerUser -->
        <test-method is-config="true" signature="tearDown()[pri:0, instance:tests.StandAloneTest@4b0b0854]" started-at="2025-04-24T19:42:15 IST" name="tearDown" finished-at="2025-04-24T19:42:15 IST" duration-ms="122" status="PASS">
          <reporter-output>
          </reporter-output>
        </test-method> <!-- tearDown -->
      </class> <!-- tests.StandAloneTest -->
    </test> <!-- Default test -->
  </suite> <!-- Default suite -->
</testng-results>
