<?xml version="1.0" encoding="UTF-8"?>
<testng-results ignored="0" total="1" passed="1" failed="0" skipped="0">
  <reporter-output>
  </reporter-output>
  <suite started-at="2025-04-24T21:59:45 IST" name="Default suite" finished-at="2025-04-24T22:00:00 IST" duration-ms="14150">
    <groups>
    </groups>
    <test started-at="2025-04-24T21:59:45 IST" name="Default test" finished-at="2025-04-24T22:00:00 IST" duration-ms="14150">
      <class name="tests.StandAloneTest">
        <test-method is-config="true" signature="launchApplication()[pri:0, instance:tests.StandAloneTest@c267ef4]" started-at="2025-04-24T21:59:45 IST" name="launchApplication" finished-at="2025-04-24T21:59:51 IST" duration-ms="5407" status="PASS">
          <reporter-output>
          </reporter-output>
        </test-method> <!-- launchApplication -->
        <test-method signature="registerUser(java.util.HashMap)[pri:0, instance:tests.StandAloneTest@c267ef4]" started-at="2025-04-24T21:59:51 IST" name="registerUser" data-provider="signUpDataProvider" finished-at="2025-04-24T21:59:59 IST" duration-ms="8583" status="PASS">
          <params>
            <param index="0">
              <value>
                <![CDATA[{date=28, name=praveen, password=modalipraveen, month=11, year=2000, email=modalikumar1745512185951@gmail.com}]]>
              </value>
            </param>
          </params>
          <reporter-output>
          </reporter-output>
        </test-method> <!-- registerUser -->
        <test-method is-config="true" signature="tearDown()[pri:0, instance:tests.StandAloneTest@c267ef4]" started-at="2025-04-24T21:59:59 IST" name="tearDown" finished-at="2025-04-24T22:00:00 IST" duration-ms="141" status="PASS">
          <reporter-output>
          </reporter-output>
        </test-method> <!-- tearDown -->
      </class> <!-- tests.StandAloneTest -->
    </test> <!-- Default test -->
  </suite> <!-- Default suite -->
</testng-results>
