<?xml version="1.0" encoding="UTF-8"?>
<testng-results ignored="0" total="1" passed="1" failed="0" skipped="0">
  <reporter-output>
  </reporter-output>
  <suite started-at="2025-04-24T13:54:20 IST" name="Default suite" finished-at="2025-04-24T13:54:31 IST" duration-ms="11452">
    <groups>
    </groups>
    <test started-at="2025-04-24T13:54:20 IST" name="Default test" finished-at="2025-04-24T13:54:31 IST" duration-ms="11452">
      <class name="tests.RegisterUserScenario">
        <test-method is-config="true" signature="launchApplication()[pri:0, instance:tests.RegisterUserScenario@7f0eb4b4]" started-at="2025-04-24T13:54:20 IST" name="launchApplication" finished-at="2025-04-24T13:54:26 IST" duration-ms="5850" status="PASS">
          <reporter-output>
          </reporter-output>
        </test-method> <!-- launchApplication -->
        <test-method signature="registerUser()[pri:0, instance:tests.RegisterUserScenario@7f0eb4b4]" started-at="2025-04-24T13:54:26 IST" name="registerUser" finished-at="2025-04-24T13:54:31 IST" duration-ms="5448" status="PASS">
          <reporter-output>
          </reporter-output>
        </test-method> <!-- registerUser -->
        <test-method is-config="true" signature="tearDown()[pri:0, instance:tests.RegisterUserScenario@7f0eb4b4]" started-at="2025-04-24T13:54:31 IST" name="tearDown" finished-at="2025-04-24T13:54:31 IST" duration-ms="134" status="PASS">
          <reporter-output>
          </reporter-output>
        </test-method> <!-- tearDown -->
      </class> <!-- tests.RegisterUserScenario -->
    </test> <!-- Default test -->
  </suite> <!-- Default suite -->
</testng-results>
